<?xml version="1.0" encoding="utf-8"?><testsuites name="pytest tests"><testsuite name="pytest" errors="0" failures="0" skipped="0" tests="27" time="32.393" timestamp="2026-04-18T13:40:44.219960+00:00" hostname="agent-env-ebf517c5-e680-4af2-841b-cf180accfd93"><testcase classname="tests.test_businesses.TestBusinesses" name="test_get_all_businesses" time="0.240" /><testcase classname="tests.test_businesses.TestBusinesses" name="test_filter_businesses_open_now" time="0.097" /><testcase classname="tests.test_businesses.TestBusinesses" name="test_filter_businesses_by_category_bar" time="0.121" /><testcase classname="tests.test_businesses.TestBusinesses" name="test_search_businesses_sushi" time="0.146" /><testcase classname="tests.test_businesses.TestBusinesses" name="test_businesses_have_rating" time="0.164" /><testcase classname="tests.test_eilatush_chat.TestEilatushChat" name="test_chat_basic_structure" time="4.340" /><testcase classname="tests.test_eilatush_chat.TestEilatushChat" name="test_chat_events_query" time="5.063" /><testcase classname="tests.test_eilatush_chat.TestEilatushChat" name="test_chat_jobs_urgent_query" time="3.527" /><testcase classname="tests.test_eilatush_chat.TestEilatushChat" name="test_chat_businesses_sushi_query" time="3.598" /><testcase classname="tests.test_eilatush_chat.TestEilatushChat" name="test_chat_news_municipality_query" time="3.681" /><testcase classname="tests.test_eilatush_chat.TestEilatushChat" name="test_chat_session_persistence" time="6.403" /><testcase classname="tests.test_eilatush_chat.TestEilatushChat" name="test_chat_results_have_correct_structure" time="3.226" /><testcase classname="tests.test_events.TestEvents" name="test_get_all_events" time="0.148" /><testcase classname="tests.test_events.TestEvents" name="test_filter_events_by_band_now" time="0.139" /><testcase classname="tests.test_events.TestEvents" name="test_filter_events_by_band_tonight" time="0.138" /><testcase classname="tests.test_events.TestEvents" name="test_filter_events_by_band_later" time="0.106" /><testcase classname="tests.test_events.TestEvents" name="test_filter_events_by_category_party" time="0.101" /><testcase classname="tests.test_events.TestEvents" name="test_events_sorted_by_start_time" time="0.104" /><testcase classname="tests.test_jobs.TestJobs" name="test_get_all_jobs" time="0.098" /><testcase classname="tests.test_jobs.TestJobs" name="test_jobs_sorted_by_urgency" time="0.103" /><testcase classname="tests.test_jobs.TestJobs" name="test_filter_jobs_by_urgency_now" time="0.100" /><testcase classname="tests.test_jobs.TestJobs" name="test_filter_jobs_by_category_hotel" time="0.114" /><testcase classname="tests.test_jobs.TestJobs" name="test_jobs_have_posted_at" time="0.102" /><testcase classname="tests.test_news.TestNews" name="test_get_all_news" time="0.107" /><testcase classname="tests.test_news.TestNews" name="test_news_sorted_newest_first" time="0.115" /><testcase classname="tests.test_news.TestNews" name="test_filter_news_by_source_municipality" time="0.105" /><testcase classname="tests.test_news.TestNews" name="test_news_sources" time="0.116" /></testsuite></testsuites>